{
  "stats": {
    "suites": 1,
    "tests": 2,
    "passes": 1,
    "pending": 0,
    "failures": 1,
    "start": "2022-02-15T15:15:10.143Z",
    "end": "2022-02-15T15:15:19.644Z",
    "duration": 9501,
    "testsRegistered": 2,
    "passPercent": 50,
    "pendingPercent": 0,
    "other": 0,
    "hasOther": false,
    "skipped": 0,
    "hasSkipped": false
  },
  "results": [
    {
      "uuid": "edf2102f-80cf-4550-ab73-915aee693842",
      "title": "",
      "fullFile": "cypress/integration/1-getting-started/login.spec.js",
      "file": "cypress/integration/1-getting-started/login.spec.js",
      "beforeHooks": [],
      "afterHooks": [],
      "tests": [],
      "suites": [
        {
          "uuid": "9e6f9d55-13ab-4754-b7b9-7acf6647ae7b",
          "title": "MyTestSuite",
          "fullFile": "",
          "file": "",
          "beforeHooks": [],
          "afterHooks": [],
          "tests": [
            {
              "title": "Verify Title pf the Page-Positive",
              "fullTitle": "MyTestSuite Verify Title pf the Page-Positive",
              "timedOut": null,
              "duration": 1462,
              "state": "passed",
              "speed": "fast",
              "pass": true,
              "fail": false,
              "pending": false,
              "context": null,
              "code": "cy.visit(\"https://demo.nopcommerce.com/\");\ncy.title().should('eq', 'nopCommerce demo store');",
              "err": {},
              "uuid": "842fd4e1-4ed9-4f12-972f-86c0e4f6bdc2",
              "parentUUID": "9e6f9d55-13ab-4754-b7b9-7acf6647ae7b",
              "isHook": false,
              "skipped": false
            },
            {
              "title": "Verify Title pf the Page-Negitive",
              "fullTitle": "MyTestSuite Verify Title pf the Page-Negitive",
              "timedOut": null,
              "duration": 6101,
              "state": "failed",
              "speed": null,
              "pass": false,
              "fail": true,
              "pending": false,
              "context": null,
              "code": "cy.visit(\"https://demo.nopcommerce.com/\");\ncy.title().should('eq', 'nopCommerce store');",
              "err": {
                "message": "AssertionError: Timed out retrying after 4000ms: expected 'nopCommerce demo store' to equal 'nopCommerce store'",
                "estack": "AssertionError: Timed out retrying after 4000ms: expected 'nopCommerce demo store' to equal 'nopCommerce store'\n    at Context.eval (https://demo.nopcommerce.com/__cypress/tests?p=cypress/integration/1-getting-started/login.spec.js:125:16)",
                "diff": "- 'nopCommerce demo store'\n+ 'nopCommerce store'\n"
              },
              "uuid": "ee8c9081-bd74-4937-957d-5ffe70ead2d8",
              "parentUUID": "9e6f9d55-13ab-4754-b7b9-7acf6647ae7b",
              "isHook": false,
              "skipped": false
            }
          ],
          "suites": [],
          "passes": [
            "842fd4e1-4ed9-4f12-972f-86c0e4f6bdc2"
          ],
          "failures": [
            "ee8c9081-bd74-4937-957d-5ffe70ead2d8"
          ],
          "pending": [],
          "skipped": [],
          "duration": 7563,
          "root": false,
          "rootEmpty": false,
          "_timeout": 2000
        }
      ],
      "passes": [],
      "failures": [],
      "pending": [],
      "skipped": [],
      "duration": 0,
      "root": true,
      "rootEmpty": true,
      "_timeout": 2000
    }
  ],
  "meta": {
    "mocha": {
      "version": "7.0.1"
    },
    "mochawesome": {
      "options": {
        "quiet": false,
        "reportFilename": "mochawesome",
        "saveHtml": false,
        "saveJson": true,
        "consoleReporter": "spec",
        "useInlineDiffs": false,
        "code": true
      },
      "version": "7.0.1"
    },
    "marge": {
      "options": {
        "reportDir": "cypress/report/mochaawesome-report",
        "overwrite": true,
        "html": false,
        "json": true,
        "timestamp": "mmddyyyy_HHMMss"
      },
      "version": "6.0.1"
    }
  }
}